<?xml version="1.0" encoding="UTF-8"?>
<!-- Generated by org.testng.reporters.JUnitXMLReporter -->
<testsuite ignored="0" hostname="DESKTOP-MJD127G" failures="1" tests="1" name="Default test" time="2.15" errors="0" timestamp="2026-01-02T20:06:01 IST">
  <testcase classname="io.cucumber.testng.AbstractTestNGCucumberTests" name="runScenario" time="1.012">
    <failure type="java.lang.NullPointerException" message="Cannot invoke &amp;quot;org.openqa.selenium.WebDriver.get(String)&amp;quot; because &amp;quot;this.stdriver&amp;quot; is null">
      <![CDATA[java.lang.NullPointerException: Cannot invoke "org.openqa.selenium.WebDriver.get(String)" because "this.stdriver" is null
at genericLibrary.WebDriverLibrary.navigateToApp(WebDriverLibrary.java:53)
at StepDefinition.LoginSteps.i_opened_demowebshop_app(LoginSteps.java:27)
at ✽.i opened demowebshop app for ordering product(file:///C:/Selenium-BDD/com.dwsapp-cu/src/test/resources/Featurefile/F1_AllProduct.feature:5)
]]>
    </failure>
  </testcase> <!-- runScenario -->
</testsuite> <!-- Default test -->
