<?xml version="1.0" encoding="UTF-8"?>
<testng-results ignored="0" total="1" passed="0" failed="1" skipped="0">
  <reporter-output>
  </reporter-output>
  <suite started-at="2026-01-02T20:05:59 IST" name="Default suite" finished-at="2026-01-02T20:06:01 IST" duration-ms="2150">
    <groups>
      <group name="cucumber">
        <method signature="AbstractTestNGCucumberTests.runScenario(io.cucumber.testng.PickleWrapper,io.cucumber.testng.FeatureWrapper)[pri:0, instance:runner.TestRunner@13df2a8c]" name="runScenario" class="io.cucumber.testng.AbstractTestNGCucumberTests"/>
      </group> <!-- cucumber -->
    </groups>
    <test started-at="2026-01-02T20:05:59 IST" name="Default test" finished-at="2026-01-02T20:06:01 IST" duration-ms="2150">
      <class name="runner.TestRunner">
        <test-method is-config="true" signature="setUpClass(org.testng.ITestContext)[pri:0, instance:runner.TestRunner@13df2a8c]" started-at="2026-01-02T20:05:59 IST" name="setUpClass" finished-at="2026-01-02T20:06:00 IST" duration-ms="987" status="PASS">
          <params>
            <param index="0">
              <value>
                <![CDATA[org.testng.TestRunner@124ac145]]>
              </value>
            </param>
          </params>
          <reporter-output>
          </reporter-output>
        </test-method> <!-- setUpClass -->
        <test-method signature="runScenario(io.cucumber.testng.PickleWrapper,io.cucumber.testng.FeatureWrapper)[pri:0, instance:runner.TestRunner@13df2a8c]" started-at="2026-01-02T20:06:00 IST" name="runScenario" description="Runs Cucumber Scenarios" data-provider="scenarios" finished-at="2026-01-02T20:06:01 IST" duration-ms="1012" status="FAIL">
          <params>
            <param index="0">
              <value>
                <![CDATA["verify user is able to order the product"]]>
              </value>
            </param>
            <param index="1">
              <value>
                <![CDATA["OrderProduct"]]>
              </value>
            </param>
          </params>
          <exception class="java.lang.NullPointerException">
            <message>
              <![CDATA[Cannot invoke "org.openqa.selenium.WebDriver.get(String)" because "this.stdriver" is null]]>
            </message>
            <full-stacktrace>
              <![CDATA[java.lang.NullPointerException: Cannot invoke "org.openqa.selenium.WebDriver.get(String)" because "this.stdriver" is null
at genericLibrary.WebDriverLibrary.navigateToApp(WebDriverLibrary.java:53)
at StepDefinition.LoginSteps.i_opened_demowebshop_app(LoginSteps.java:27)
at ✽.i opened demowebshop app for ordering product(file:///C:/Selenium-BDD/com.dwsapp-cu/src/test/resources/Featurefile/F1_AllProduct.feature:5)
]]>
            </full-stacktrace>
          </exception> <!-- java.lang.NullPointerException -->
          <reporter-output>
          </reporter-output>
        </test-method> <!-- runScenario -->
        <test-method is-config="true" signature="tearDownClass()[pri:0, instance:runner.TestRunner@13df2a8c]" started-at="2026-01-02T20:06:01 IST" name="tearDownClass" finished-at="2026-01-02T20:06:01 IST" duration-ms="58" status="PASS">
          <reporter-output>
          </reporter-output>
        </test-method> <!-- tearDownClass -->
      </class> <!-- runner.TestRunner -->
    </test> <!-- Default test -->
  </suite> <!-- Default suite -->
</testng-results>
