<?xml version="1.0" encoding="UTF-8"?>
<!-- Generated by org.testng.reporters.JUnitReportReporter -->
<testsuite hostname="DESKTOP-MJD127G" failures="0" tests="1" name="runner.TestRunner" time="1.012" errors="1" timestamp="2026-01-02T20:06:01 IST" skipped="0">
  <testcase classname="runner.TestRunner" name="runScenario" time="1.012">
    <error message="Cannot invoke &quot;org.openqa.selenium.WebDriver.get(String)&quot; because &quot;this.stdriver&quot; is null" type="java.lang.NullPointerException">
      <![CDATA[java.lang.NullPointerException: Cannot invoke "org.openqa.selenium.WebDriver.get(String)" because "this.stdriver" is null
at genericLibrary.WebDriverLibrary.navigateToApp(WebDriverLibrary.java:53)
at StepDefinition.LoginSteps.i_opened_demowebshop_app(LoginSteps.java:27)
at ✽.i opened demowebshop app for ordering product(file:///C:/Selenium-BDD/com.dwsapp-cu/src/test/resources/Featurefile/F1_AllProduct.feature:5)
]]>
    </error>
  </testcase> <!-- runScenario -->
</testsuite> <!-- runner.TestRunner -->
